<?xml version="1.0" encoding="UTF-8"?>
<!-- Generated by org.testng.reporters.JUnitReportReporter -->
<testsuite hostname="DESKTOP-NTM04V0" failures="0" tests="1" name="steps.Excel" time="0.344" errors="0" timestamp="04 Oct 2021 11:31:02 GMT" skipped="0">
  <testcase classname="steps.Excel" name="DataProvider" time="0.344"/>
</testsuite> <!-- steps.Excel -->
