<?xml version="1.0" encoding="UTF-8"?>
<!-- Generated by org.testng.reporters.JUnitReportReporter -->
<testsuite hostname="DESKTOP-NTM04V0" failures="0" tests="1" name="steps.Form" time="10.762" errors="0" timestamp="05 Oct 2021 11:38:31 GMT" skipped="0">
  <testcase classname="steps.Form" name="login" time="10.762"/>
</testsuite> <!-- steps.Form -->
