<?xml version="1.0" encoding="UTF-8"?>
<!-- Generated by org.testng.reporters.JUnitReportReporter -->
<testsuite hostname="DESKTOP-NTM04V0" failures="0" tests="1" name="steps.Basicstep" time="4.261" errors="0" timestamp="01 Oct 2021 10:08:13 GMT" skipped="0">
  <testcase classname="steps.Basicstep" name="login" time="4.261"/>
</testsuite> <!-- steps.Basicstep -->
