<?xml version="1.0" encoding="UTF-8"?>
<!-- Generated by org.testng.reporters.JUnitReportReporter -->
<testsuite hostname="DESKTOP-NTM04V0" failures="0" tests="1" name="steps.contactSteps" time="7.937" errors="0" timestamp="05 Oct 2021 11:22:41 GMT" skipped="0">
  <testcase classname="steps.contactSteps" name="submit_contact" time="7.937"/>
</testsuite> <!-- steps.contactSteps -->
