<?xml version="1.0" encoding="UTF-8"?>
<!-- Generated by org.testng.reporters.JUnitReportReporter -->
<testsuite skipped="0" hostname="Selenium1" name="steps.ServicesSteps" tests="1" failures="0" timestamp="04 May 2021 04:28:44 GMT" time="19.302" errors="0">
  <testcase name="submit_contact" time="19.302" classname="steps.ServicesSteps"/>
</testsuite> <!-- steps.ServicesSteps -->
